{"numTotalTestSuites":817,"numPassedTestSuites":817,"numFailedTestSuites":0,"numPendingTestSuites":0,"numTotalTests":2888,"numPassedTests":2888,"numFailedTests":0,"numPendingTests":0,"numTodoTests":0,"snapshot":{"added":0,"failure":false,"filesAdded":0,"filesRemoved":0,"filesRemovedList":[],"filesUnmatched":0,"filesUpdated":0,"matched":0,"total":0,"unchecked":0,"uncheckedKeysByFile":[],"unmatched":0,"updated":0,"didUpdate":false},"startTime":1775308469292,"success":true,"testResults":[{"assertionResults":[{"ancestorTitles":["RelatedContentService"],"fullName":"RelatedContentService returns empty array when database is not open","status":"passed","title":"returns empty array when database is not open","duration":1.7515999999999394,"failureMessages":[],"meta":{}},{"ancestorTitles":["RelatedContentService"],"fullName":"RelatedContentService returns empty array when page not found","status":"passed","title":"returns empty array when page not found","duration":0.6069999999999709,"failureMessages":[],"meta":{}},{"ancestorTitles":["RelatedContentService"],"fullName":"RelatedContentService embeds page text and searches vector store","status":"passed","title":"embeds page text and searches vector store","duration":0.5511999999999944,"failureMessages":[],"meta":{}},{"ancestorTitles":["RelatedContentService"],"fullName":"RelatedContentService filters out self-page from results","status":"passed","title":"filters out self-page from results","duration":0.4430999999999585,"failureMessages":[],"meta":{}},{"ancestorTitles":["RelatedContentService"],"fullName":"RelatedContentService respects maxResults option","status":"passed","title":"respects maxResults option","duration":0.30740000000002965,"failureMessages":[],"meta":{}},{"ancestorTitles":["RelatedContentService"],"fullName":"RelatedContentService exposes onDidChangeRelated event","status":"passed","title":"exposes onDidChangeRelated event","duration":0.1595999999999549,"failureMessages":[],"meta":{}},{"ancestorTitles":["RelatedContentService"],"fullName":"RelatedContentService disposes without errors","status":"passed","title":"disposes without errors","duration":0.5974999999999682,"failureMessages":[],"meta":{}},{"ancestorTitles":["AutoTaggingService"],"fullName":"AutoTaggingService creates page_tags table on construction","status":"passed","title":"creates page_tags table on construction","duration":12.4144,"failureMessages":[],"meta":{}},{"ancestorTitles":["AutoTaggingService"],"fullName":"AutoTaggingService returns empty tags for unknown page","status":"passed","title":"returns empty tags for unknown page","duration":15.195800000000077,"failureMessages":[],"meta":{}},{"ancestorTitles":["AutoTaggingService"],"fullName":"AutoTaggingService adds and retrieves tags","status":"passed","title":"adds and retrieves tags","duration":17.379500000000007,"failureMessages":[],"meta":{}},{"ancestorTitles":["AutoTaggingService"],"fullName":"AutoTaggingService removes a tag","status":"passed","title":"removes a tag","duration":13.307500000000005,"failureMessages":[],"meta":{}},{"ancestorTitles":["AutoTaggingService"],"fullName":"AutoTaggingService does not add duplicate tags","status":"passed","title":"does not add duplicate tags","duration":14.797599999999989,"failureMessages":[],"meta":{}},{"ancestorTitles":["AutoTaggingService"],"fullName":"AutoTaggingService suggestTags embeds page text and searches vector store","status":"passed","title":"suggestTags embeds page text and searches vector store","duration":15.982799999999997,"failureMessages":[],"meta":{}},{"ancestorTitles":["AutoTaggingService"],"fullName":"AutoTaggingService fires onDidChangeTags when tags are added","status":"passed","title":"fires onDidChangeTags when tags are added","duration":15.934500000000071,"failureMessages":[],"meta":{}},{"ancestorTitles":["AutoTaggingService"],"fullName":"AutoTaggingService fires onDidChangeTags when tags are removed","status":"passed","title":"fires onDidChangeTags when tags are removed","duration":13.644700000000057,"failureMessages":[],"meta":{}},{"ancestorTitles":["AutoTaggingService"],"fullName":"AutoTaggingService getAllTags returns unique tags across pages","status":"passed","title":"getAllTags returns unique tags across pages","duration":15.0471,"failureMessages":[],"meta":{}},{"ancestorTitles":["AutoTaggingService"],"fullName":"AutoTaggingService disposes without errors","status":"passed","title":"disposes without errors","duration":15.551600000000008,"failureMessages":[],"meta":{}},{"ancestorTitles":["InlineAIChatController"],"fullName":"InlineAIChatController module exports the controller class","status":"passed","title":"module exports the controller class","duration":94.32690000000002,"failureMessages":[],"meta":{}},{"ancestorTitles":["InlineAIChatController"],"fullName":"InlineAIChatController defines expected interface methods","status":"passed","title":"defines expected interface methods","duration":0.5615000000000236,"failureMessages":[],"meta":{}},{"ancestorTitles":["ProactiveSuggestionsService"],"fullName":"ProactiveSuggestionsService starts with empty suggestions","status":"passed","title":"starts with empty suggestions","duration":0.2378999999999678,"failureMessages":[],"meta":{}},{"ancestorTitles":["ProactiveSuggestionsService"],"fullName":"ProactiveSuggestionsService analyze returns suggestions when enough pages exist","status":"passed","title":"analyze returns suggestions when enough pages exist","duration":0.5026000000000295,"failureMessages":[],"meta":{}},{"ancestorTitles":["ProactiveSuggestionsService"],"fullName":"ProactiveSuggestionsService dismisses a suggestion","status":"passed","title":"dismisses a suggestion","duration":0.3001000000000431,"failureMessages":[],"meta":{}},{"ancestorTitles":["ProactiveSuggestionsService"],"fullName":"ProactiveSuggestionsService fires onDidUpdateSuggestions on analyze","status":"passed","title":"fires onDidUpdateSuggestions on analyze","duration":0.16640000000006694,"failureMessages":[],"meta":{}},{"ancestorTitles":["ProactiveSuggestionsService"],"fullName":"ProactiveSuggestionsService detects orphan pages with no related content","status":"passed","title":"detects orphan pages with no related content","duration":0.1856999999999971,"failureMessages":[],"meta":{}},{"ancestorTitles":["ProactiveSuggestionsService"],"fullName":"ProactiveSuggestionsService disposes without errors","status":"passed","title":"disposes without errors","duration":0.14959999999996398,"failureMessages":[],"meta":{}},{"ancestorTitles":["Phase 7 service identifiers"],"fullName":"Phase 7 service identifiers IRelatedContentService is defined","status":"passed","title":"IRelatedContentService is defined","duration":115.79520000000002,"failureMessages":[],"meta":{}},{"ancestorTitles":["Phase 7 service identifiers"],"fullName":"Phase 7 service identifiers IAutoTaggingService is defined","status":"passed","title":"IAutoTaggingService is defined","duration":0.15059999999994034,"failureMessages":[],"meta":{}},{"ancestorTitles":["Phase 7 service identifiers"],"fullName":"Phase 7 service identifiers IProactiveSuggestionsService is defined","status":"passed","title":"IProactiveSuggestionsService is defined","duration":0.07569999999986976,"failureMessages":[],"meta":{}}],"startTime":1775308470382,"endTime":1775308470749.1506,"status":"passed","message":"","name":"D:/AI/Parallx/tests/unit/advancedFeatures.test.ts"},{"assertionResults":[{"ancestorTitles":["AgentApprovalService"],"fullName":"AgentApprovalService creates a pending approval request and emits a change event","status":"passed","title":"creates a pending approval request and emits a change event","duration":2.8672000000000253,"failureMessages":[],"meta":{}},{"ancestorTitles":["AgentApprovalService"],"fullName":"AgentApprovalService resolves an approval request for the task scope","status":"passed","title":"resolves an approval request for the task scope","duration":1.1690999999999576,"failureMessages":[],"meta":{}},{"ancestorTitles":["AgentApprovalService"],"fullName":"AgentApprovalService throws when resolving an unknown approval request","status":"passed","title":"throws when resolving an unknown approval request","duration":0.8164000000000442,"failureMessages":[],"meta":{}},{"ancestorTitles":["AgentApprovalService"],"fullName":"AgentApprovalService returns the existing request when resolving an already-final approval request","status":"passed","title":"returns the existing request when resolving an already-final approval request","duration":0.41050000000007003,"failureMessages":[],"meta":{}},{"ancestorTitles":["AgentApprovalService"],"fullName":"AgentApprovalService bundles matching pending approval requests for the same task","status":"passed","title":"bundles matching pending approval requests for the same task","duration":0.5936000000000377,"failureMessages":[],"meta":{}}],"startTime":1775308479484,"endTime":1775308479490.5935,"status":"passed","message":"","name":"D:/AI/Parallx/tests/unit/agentApprovalService.test.ts"},{"assertionResults":[{"ancestorTitles":["agentBlockReason"],"fullName":"agentBlockReason maps workspace boundary violations to outside-workspace-request","status":"passed","title":"maps workspace boundary violations to outside-workspace-request","duration":0.654200000000003,"failureMessages":[],"meta":{}},{"ancestorTitles":["agentBlockReason"],"fullName":"agentBlockReason maps generic denied decisions to policy-denial","status":"passed","title":"maps generic denied decisions to policy-denial","duration":0.12649999999999295,"failureMessages":[],"meta":{}}],"startTime":1775308481821,"endTime":1775308481821.6543,"status":"passed","message":"","name":"D:/AI/Parallx/tests/unit/agentBlockReason.test.ts"},{"assertionResults":[{"ancestorTitles":["AgentExecutionService"],"fullName":"AgentExecutionService auto-completes safe plan steps and completes the task","status":"passed","title":"auto-completes safe plan steps and completes the task","duration":10.57140000000004,"failureMessages":[],"meta":{}},{"ancestorTitles":["AgentExecutionService"],"fullName":"AgentExecutionService records task artifact refs and artifact memory for completed mutation steps","status":"passed","title":"records task artifact refs and artifact memory for completed mutation steps","duration":1.1452999999999065,"failureMessages":[],"meta":{}},{"ancestorTitles":["AgentExecutionService"],"fullName":"AgentExecutionService queues approval for guarded steps and yields","status":"passed","title":"queues approval for guarded steps and yields","duration":0.8168000000000575,"failureMessages":[],"meta":{}},{"ancestorTitles":["AgentExecutionService"],"fullName":"AgentExecutionService blocks the task when policy denies a step","status":"passed","title":"blocks the task when policy denies a step","duration":0.4450000000001637,"failureMessages":[],"meta":{}},{"ancestorTitles":["AgentExecutionService"],"fullName":"AgentExecutionService pauses after the current step when stop-after-step is requested and can continue later","status":"passed","title":"pauses after the current step when stop-after-step is requested and can continue later","duration":1.2473999999999705,"failureMessages":[],"meta":{}},{"ancestorTitles":["AgentExecutionService"],"fullName":"AgentExecutionService allows blocked tasks to be redirected with a new constraint","status":"passed","title":"allows blocked tasks to be redirected with a new constraint","duration":0.5219999999999345,"failureMessages":[],"meta":{}},{"ancestorTitles":["AgentExecutionService"],"fullName":"AgentExecutionService pauses after one step when execution style is stepwise","status":"passed","title":"pauses after one step when execution style is stepwise","duration":0.45610000000010587,"failureMessages":[],"meta":{}},{"ancestorTitles":["AgentExecutionService"],"fullName":"AgentExecutionService completes after continuing a stepwise-paused task with no remaining steps","status":"passed","title":"completes after continuing a stepwise-paused task with no remaining steps","duration":0.3488999999999578,"failureMessages":[],"meta":{}},{"ancestorTitles":["AgentExecutionService"],"fullName":"AgentExecutionService records execution trace entries for started and completed steps","status":"passed","title":"records execution trace entries for started and completed steps","duration":0.5112000000001444,"failureMessages":[],"meta":{}}],"startTime":1775308477950,"endTime":1775308477966.5112,"status":"passed","message":"","name":"D:/AI/Parallx/tests/unit/agentExecutionService.test.ts"},{"assertionResults":[{"ancestorTitles":["agentLifecycle"],"fullName":"agentLifecycle allows valid forward transitions","status":"passed","title":"allows valid forward transitions","duration":1.186399999999992,"failureMessages":[],"meta":{}},{"ancestorTitles":["agentLifecycle"],"fullName":"agentLifecycle rejects invalid transitions","status":"passed","title":"rejects invalid transitions","duration":0.24259999999998172,"failureMessages":[],"meta":{}},{"ancestorTitles":["agentLifecycle"],"fullName":"agentLifecycle exposes terminal states","status":"passed","title":"exposes terminal states","duration":0.23970000000002756,"failureMessages":[],"meta":{}},{"ancestorTitles":["agentLifecycle"],"fullName":"agentLifecycle throws on invalid asserted transitions","status":"passed","title":"throws on invalid asserted transitions","duration":0.7418999999999869,"failureMessages":[],"meta":{}},{"ancestorTitles":["agentLifecycle"],"fullName":"agentLifecycle lists allowed next states","status":"passed","title":"lists allowed next states","duration":0.4013999999999669,"failureMessages":[],"meta":{}}],"startTime":1775308480418,"endTime":1775308480420.4014,"status":"passed","message":"","name":"D:/AI/Parallx/tests/unit/agentLifecycle.test.ts"},{"assertionResults":[{"ancestorTitles":["AgentMemoryService"],"fullName":"AgentMemoryService records task-scoped working memory entries","status":"passed","title":"records task-scoped working memory entries","duration":1.7507000000000517,"failureMessages":[],"meta":{}},{"ancestorTitles":["AgentMemoryService"],"fullName":"AgentMemoryService compacts older non-pinned memory entries by category","status":"passed","title":"compacts older non-pinned memory entries by category","duration":6.592099999999959,"failureMessages":[],"meta":{}},{"ancestorTitles":["AgentMemoryService"],"fullName":"AgentMemoryService lists only active entries by default and exposes superseded entries on request","status":"passed","title":"lists only active entries by default and exposes superseded entries on request","duration":0.5857999999999493,"failureMessages":[],"meta":{}},{"ancestorTitles":["AgentMemoryService"],"fullName":"AgentMemoryService corrects task memory by superseding the previous entry","status":"passed","title":"corrects task memory by superseding the previous entry","duration":0.497600000000034,"failureMessages":[],"meta":{}}],"startTime":1775308478578,"endTime":1775308478587.4976,"status":"passed","message":"","name":"D:/AI/Parallx/tests/unit/agentMemoryService.test.ts"},{"assertionResults":[{"ancestorTitles":["AgentPolicyService"],"fullName":"AgentPolicyService allows workspace reads inside the boundary","status":"passed","title":"allows workspace reads inside the boundary","duration":1.2194000000000642,"failureMessages":[],"meta":{}},{"ancestorTitles":["AgentPolicyService"],"fullName":"AgentPolicyService requires approval for workspace edits","status":"passed","title":"requires approval for workspace edits","duration":0.34699999999998,"failureMessages":[],"meta":{}},{"ancestorTitles":["AgentPolicyService"],"fullName":"AgentPolicyService tightens read policy when approval strictness is strict","status":"passed","title":"tightens read policy when approval strictness is strict","duration":0.10530000000005657,"failureMessages":[],"meta":{}},{"ancestorTitles":["AgentPolicyService"],"fullName":"AgentPolicyService streamlines routine edits when approval strictness is streamlined","status":"passed","title":"streamlines routine edits when approval strictness is streamlined","duration":0.1690000000000964,"failureMessages":[],"meta":{}},{"ancestorTitles":["AgentPolicyService"],"fullName":"AgentPolicyService denies boundary-violating actions","status":"passed","title":"denies boundary-violating actions","duration":0.1893000000000029,"failureMessages":[],"meta":{}},{"ancestorTitles":["AgentPolicyService"],"fullName":"AgentPolicyService denies unsupported tools","status":"passed","title":"denies unsupported tools","duration":0.09039999999993142,"failureMessages":[],"meta":{}},{"ancestorTitles":["AgentPolicyService"],"fullName":"AgentPolicyService denies destructive command execution in reviewer mode","status":"passed","title":"denies destructive command execution in reviewer mode","duration":0.09760000000005675,"failureMessages":[],"meta":{}},{"ancestorTitles":["AgentPolicyService"],"fullName":"AgentPolicyService denies path-bearing non-file uris","status":"passed","title":"denies path-bearing non-file uris","duration":0.2274000000001024,"failureMessages":[],"meta":{}}],"startTime":1775308481045,"endTime":1775308481047.2273,"status":"passed","message":"","name":"D:/AI/Parallx/tests/unit/agentPolicyService.test.ts"},{"assertionResults":[{"ancestorTitles":["AgentSessionService"],"fullName":"AgentSessionService creates tasks for the active workspace","status":"passed","title":"creates tasks for the active workspace","duration":4.037600000000111,"failureMessages":[],"meta":{}},{"ancestorTitles":["AgentSessionService"],"fullName":"AgentSessionService queues approvals and moves task into awaiting-approval","status":"passed","title":"queues approvals and moves task into awaiting-approval","duration":0.8070000000000164,"failureMessages":[],"meta":{}},{"ancestorTitles":["AgentSessionService"],"fullName":"AgentSessionService persists task plan steps","status":"passed","title":"persists task plan steps","duration":6.197599999999966,"failureMessages":[],"meta":{}},{"ancestorTitles":["AgentSessionService"],"fullName":"AgentSessionService records unique task artifact refs across updates","status":"passed","title":"records unique task artifact refs across updates","duration":0.5955000000001291,"failureMessages":[],"meta":{}},{"ancestorTitles":["AgentSessionService"],"fullName":"AgentSessionService continues paused tasks by returning them to planning","status":"passed","title":"continues paused tasks by returning them to planning","duration":0.4158999999999651,"failureMessages":[],"meta":{}},{"ancestorTitles":["AgentSessionService"],"fullName":"AgentSessionService redirects blocked tasks by appending a new constraint","status":"passed","title":"redirects blocked tasks by appending a new constraint","duration":0.4275000000000091,"failureMessages":[],"meta":{}},{"ancestorTitles":["AgentSessionService"],"fullName":"AgentSessionService resumes the prior task status after approval","status":"passed","title":"resumes the prior task status after approval","duration":0.440900000000056,"failureMessages":[],"meta":{}},{"ancestorTitles":["AgentSessionService"],"fullName":"AgentSessionService blocks the task when approval is denied","status":"passed","title":"blocks the task when approval is denied","duration":0.19610000000011496,"failureMessages":[],"meta":{}},{"ancestorTitles":["AgentSessionService"],"fullName":"AgentSessionService cancels the task when approval is cancelled by the user","status":"passed","title":"cancels the task when approval is cancelled by the user","duration":0.3808000000001357,"failureMessages":[],"meta":{}},{"ancestorTitles":["AgentSessionService"],"fullName":"AgentSessionService bundles repeated approval requests while a task is already awaiting approval","status":"passed","title":"bundles repeated approval requests while a task is already awaiting approval","duration":0.41259999999988395,"failureMessages":[],"meta":{}},{"ancestorTitles":["AgentSessionService"],"fullName":"AgentSessionService records trace entries for task creation, planning, and approvals","status":"passed","title":"records trace entries for task creation, planning, and approvals","duration":0.22759999999993852,"failureMessages":[],"meta":{}}],"startTime":1775308477823,"endTime":1775308477837.2275,"status":"passed","message":"","name":"D:/AI/Parallx/tests/unit/agentSessionService.test.ts"},{"assertionResults":[{"ancestorTitles":["agentTaskModels"],"fullName":"agentTaskModels normalizes delegated task input defaults and trimming","status":"passed","title":"normalizes delegated task input defaults and trimming","duration":1.2881000000000995,"failureMessages":[],"meta":{}},{"ancestorTitles":["agentTaskModels"],"fullName":"agentTaskModels creates a pending task record from normalized input","status":"passed","title":"creates a pending task record from normalized input","duration":0.29339999999990596,"failureMessages":[],"meta":{}},{"ancestorTitles":["agentTaskModels"],"fullName":"agentTaskModels rejects empty delegated task goals","status":"passed","title":"rejects empty delegated task goals","duration":0.4655999999999949,"failureMessages":[],"meta":{}}],"startTime":1775308481524,"endTime":1775308481526.4656,"status":"passed","message":"","name":"D:/AI/Parallx/tests/unit/agentTaskModels.test.ts"},{"assertionResults":[{"ancestorTitles":["AgentTaskStore"],"fullName":"AgentTaskStore persists tasks across store instances","status":"passed","title":"persists tasks across store instances","duration":1.8781999999999925,"failureMessages":[],"meta":{}},{"ancestorTitles":["AgentTaskStore"],"fullName":"AgentTaskStore persists approval requests across store instances","status":"passed","title":"persists approval requests across store instances","duration":0.30379999999991014,"failureMessages":[],"meta":{}},{"ancestorTitles":["AgentTaskStore"],"fullName":"AgentTaskStore persists plan steps across store instances","status":"passed","title":"persists plan steps across store instances","duration":0.21259999999995216,"failureMessages":[],"meta":{}},{"ancestorTitles":["AgentTaskStore"],"fullName":"AgentTaskStore persists task memory entries across store instances","status":"passed","title":"persists task memory entries across store instances","duration":0.3051999999998998,"failureMessages":[],"meta":{}},{"ancestorTitles":["AgentTaskStore"],"fullName":"AgentTaskStore persists task trace entries across store instances","status":"passed","title":"persists task trace entries across store instances","duration":0.2902000000000271,"failureMessages":[],"meta":{}}],"startTime":1775308481270,"endTime":1775308481272.3052,"status":"passed","message":"","name":"D:/AI/Parallx/tests/unit/agentTaskStore.test.ts"},{"assertionResults":[{"ancestorTitles":["AgentTraceService"],"fullName":"AgentTraceService records readable trace entries for a task","status":"passed","title":"records readable trace entries for a task","duration":1.3952000000000453,"failureMessages":[],"meta":{}},{"ancestorTitles":["AgentTraceService"],"fullName":"AgentTraceService builds diagnostics snapshots for a task","status":"passed","title":"builds diagnostics snapshots for a task","duration":0.7300999999999931,"failureMessages":[],"meta":{}}],"startTime":1775308481610,"endTime":1775308481612.73,"status":"passed","message":"","name":"D:/AI/Parallx/tests/unit/agentTraceService.test.ts"},{"assertionResults":[{"ancestorTitles":["createSettingRow"],"fullName":"createSettingRow creates a row with label, description, and control slot","status":"passed","title":"creates a row with label, description, and control slot","duration":8.34439999999995,"failureMessages":[],"meta":{}},{"ancestorTitles":["createSettingRow"],"fullName":"createSettingRow includes reset button when onReset is provided","status":"passed","title":"includes reset button when onReset is provided","duration":3.2133999999996377,"failureMessages":[],"meta":{}},{"ancestorTitles":["createSettingRow"],"fullName":"createSettingRow omits reset button when no onReset","status":"passed","title":"omits reset button when no onReset","duration":0.697200000000521,"failureMessages":[],"meta":{}},{"ancestorTitles":["SettingsSection (base class)"],"fullName":"SettingsSection (base class) creates section with header and content elements","status":"passed","title":"creates section with header and content elements","duration":1.5205999999998312,"failureMessages":[],"meta":{}},{"ancestorTitles":["SettingsSection (base class)"],"fullName":"SettingsSection (base class) applySearch dims non-matching rows","status":"passed","title":"applySearch dims non-matching rows","duration":15.452699999999822,"failureMessages":[],"meta":{}},{"ancestorTitles":["SettingsSection (base class)"],"fullName":"SettingsSection (base class) marks section as no-matches when nothing matches","status":"passed","title":"marks section as no-matches when nothing matches","duration":2.3489999999992506,"failureMessages":[],"meta":{}},{"ancestorTitles":["PresetSwitcher"],"fullName":"PresetSwitcher renders into the container with header and list","status":"passed","title":"renders into the container with header and list","duration":2.0540000000000873,"failureMessages":[],"meta":{}},{"ancestorTitles":["PresetSwitcher"],"fullName":"PresetSwitcher renders all profiles from the service","status":"passed","title":"renders all profiles from the service","duration":1.4630999999999403,"failureMessages":[],"meta":{}},{"ancestorTitles":["PresetSwitcher"],"fullName":"PresetSwitcher marks the active profile with active class","status":"passed","title":"marks the active profile with active class","duration":1.2626999999993131,"failureMessages":[],"meta":{}},{"ancestorTitles":["PresetSwitcher"],"fullName":"PresetSwitcher shows built-in badge for built-in profiles","status":"passed","title":"shows built-in badge for built-in profiles","duration":1.3685999999997875,"failureMessages":[],"meta":{}},{"ancestorTitles":["PresetSwitcher"],"fullName":"PresetSwitcher calls setActiveProfile on click","status":"passed","title":"calls setActiveProfile on click","duration":2.923899999999776,"failureMessages":[],"meta":{}},{"ancestorTitles":["PresetSwitcher"],"fullName":"PresetSwitcher re-renders when onDidChange fires","status":"passed","title":"re-renders when onDidChange fires","duration":3.088999999999942,"failureMessages":[],"meta":{}},{"ancestorTitles":["PresetSwitcher"],"fullName":"PresetSwitcher has New Preset button","status":"passed","title":"has New Preset button","duration":2.2842000000000553,"failureMessages":[],"meta":{}},{"ancestorTitles":["AISettingsPanel"],"fullName":"AISettingsPanel renders two-column layout","status":"passed","title":"renders two-column layout","duration":16.65769999999975,"failureMessages":[],"meta":{}},{"ancestorTitles":["AISettingsPanel"],"fullName":"AISettingsPanel renders navigation with 8 section buttons","status":"passed","title":"renders navigation with 8 section buttons","duration":15.45510000000013,"failureMessages":[],"meta":{}},{"ancestorTitles":["AISettingsPanel"],"fullName":"AISettingsPanel includes search bar","status":"passed","title":"includes search bar","duration":18.627700000000004,"failureMessages":[],"meta":{}},{"ancestorTitles":["AISettingsPanel"],"fullName":"AISettingsPanel renders all eight sections in content area","status":"passed","title":"renders all eight sections in content area","duration":16.691800000000512,"failureMessages":[],"meta":{}},{"ancestorTitles":["AISettingsPanel"],"fullName":"AISettingsPanel includes preset switcher in left column","status":"passed","title":"includes preset switcher in left column","duration":10.646900000000642,"failureMessages":[],"meta":{}},{"ancestorTitles":["AISettingsPanel"],"fullName":"AISettingsPanel updates sections when onDidChange fires","status":"passed","title":"updates sections when onDidChange fires","duration":15.514799999999923,"failureMessages":[],"meta":{}},{"ancestorTitles":["ChatSection"],"fullName":"ChatSection builds with workspace description row","status":"passed","title":"builds with workspace description row","duration":5.083599999999933,"failureMessages":[],"meta":{}},{"ancestorTitles":["ChatSection"],"fullName":"ChatSection has chat section header","status":"passed","title":"has chat section header","duration":1.1071000000001732,"failureMessages":[],"meta":{}},{"ancestorTitles":["ChatSection"],"fullName":"ChatSection has reset section link","status":"passed","title":"has reset section link","duration":1.5252999999993335,"failureMessages":[],"meta":{}},{"ancestorTitles":["ModelSection"],"fullName":"ModelSection builds with defaultModel, temperature and maxTokens rows","status":"passed","title":"builds with defaultModel, temperature and maxTokens rows","duration":3.220700000000761,"failureMessages":[],"meta":{}},{"ancestorTitles":["ModelSection"],"fullName":"ModelSection has model section header","status":"passed","title":"has model section header","duration":0.5992999999998574,"failureMessages":[],"meta":{}},{"ancestorTitles":["ModelSection"],"fullName":"ModelSection has reset section link","status":"passed","title":"has reset section link","duration":3.2663000000002285,"failureMessages":[],"meta":{}},{"ancestorTitles":["AdvancedSection"],"fullName":"AdvancedSection builds with export, import, and reset rows","status":"passed","title":"builds with export, import, and reset rows","duration":2.172299999999268,"failureMessages":[],"meta":{}},{"ancestorTitles":["AdvancedSection"],"fullName":"AdvancedSection has advanced section header","status":"passed","title":"has advanced section header","duration":0.685099999999693,"failureMessages":[],"meta":{}},{"ancestorTitles":["PreviewSection"],"fullName":"PreviewSection builds with starter chips","status":"passed","title":"builds with starter chips","duration":1.2637000000004264,"failureMessages":[],"meta":{}},{"ancestorTitles":["PreviewSection"],"fullName":"PreviewSection has preview section header","status":"passed","title":"has preview section header","duration":0.5677999999998065,"failureMessages":[],"meta":{}},{"ancestorTitles":["PreviewSection"],"fullName":"PreviewSection has input row with run button","status":"passed","title":"has input row with run button","duration":1.865299999999479,"failureMessages":[],"meta":{}},{"ancestorTitles":["PreviewSection"],"fullName":"PreviewSection custom applySearch matches \"preview\" keyword","status":"passed","title":"custom applySearch matches \"preview\" keyword","duration":7.459600000000137,"failureMessages":[],"meta":{}},{"ancestorTitles":["PreviewSection"],"fullName":"PreviewSection custom applySearch matches \"test\" keyword","status":"passed","title":"custom applySearch matches \"test\" keyword","duration":1.600800000000163,"failureMessages":[],"meta":{}},{"ancestorTitles":["AI Settings built-in activation"],"fullName":"AI Settings built-in activation registers view provider for view.aiSettings","status":"passed","title":"registers view provider for view.aiSettings","duration":3.007400000000416,"failureMessages":[],"meta":{}},{"ancestorTitles":["AI Settings built-in activation"],"fullName":"AI Settings built-in activation registers ai-settings.open command","status":"passed","title":"registers ai-settings.open command","duration":0.7818999999999505,"failureMessages":[],"meta":{}},{"ancestorTitles":["AI Settings built-in activation"],"fullName":"AI Settings built-in activation pushes subscriptions to context","status":"passed","title":"pushes subscriptions to context","duration":0.49070000000028813,"failureMessages":[],"meta":{}},{"ancestorTitles":["AI Settings built-in activation"],"fullName":"AI Settings built-in activation deactivate() does not throw","status":"passed","title":"deactivate() does not throw","duration":0.9819000000006781,"failureMessages":[],"meta":{}},{"ancestorTitles":["AI Settings built-in activation"],"fullName":"AI Settings built-in activation view provider creates AISettingsPanel","status":"passed","title":"view provider creates AISettingsPanel","duration":9.296399999999267,"failureMessages":[],"meta":{}}],"startTime":1775308475218,"endTime":1775308475404.2964,"status":"passed","message":"","name":"D:/AI/Parallx/tests/unit/aiSettingsPanel.test.ts"},{"assertionResults":[{"ancestorTitles":["Task 3.1 ΓÇö Storage Key Design"],"fullName":"Task 3.1 ΓÇö Storage Key Design uses ai-settings.profiles key for profile array","status":"passed","title":"uses ai-settings.profiles key for profile array","duration":3.1533000000000015,"failureMessages":[],"meta":{}},{"ancestorTitles":["Task 3.1 ΓÇö Storage Key Design"],"fullName":"Task 3.1 ΓÇö Storage Key Design uses ai-settings.activeProfileId key for active profile","status":"passed","title":"uses ai-settings.activeProfileId key for active profile","duration":0.7658999999999878,"failureMessages":[],"meta":{}},{"ancestorTitles":["Task 3.1 ΓÇö Storage Key Design"],"fullName":"Task 3.1 ΓÇö Storage Key Design does not use any other ai-settings.* keys","status":"passed","title":"does not use any other ai-settings.* keys","duration":0.6153999999999655,"failureMessages":[],"meta":{}},{"ancestorTitles":["Task 3.1 ΓÇö Storage Key Design"],"fullName":"Task 3.1 ΓÇö Storage Key Design round-trips tone change across restart","status":"passed","title":"round-trips tone change across restart","duration":0.9277999999999906,"failureMessages":[],"meta":{}},{"ancestorTitles":["Task 3.1 ΓÇö Storage Key Design"],"fullName":"Task 3.1 ΓÇö Storage Key Design round-trips temperature change across restart","status":"passed","title":"round-trips temperature change across restart","duration":0.5008000000000266,"failureMessages":[],"meta":{}},{"ancestorTitles":["Task 3.1 ΓÇö Storage Key Design"],"fullName":"Task 3.1 ΓÇö Storage Key Design round-trips persona changes across restart","status":"passed","title":"round-trips persona changes across restart","duration":0.9743000000000279,"failureMessages":[],"meta":{}},{"ancestorTitles":["Task 3.1 ΓÇö Storage Key Design"],"fullName":"Task 3.1 ΓÇö Storage Key Design round-trips active profile ID across restart","status":"passed","title":"round-trips active profile ID across restart","duration":0.828200000000038,"failureMessages":[],"meta":{}},{"ancestorTitles":["Task 3.1 ΓÇö Storage Key Design"],"fullName":"Task 3.1 ΓÇö Storage Key Design round-trips profile count across restart","status":"passed","title":"round-trips profile count across restart","duration":1.087600000000009,"failureMessages":[],"meta":{}},{"ancestorTitles":["Task 3.1 ΓÇö Storage Key Design"],"fullName":"Task 3.1 ΓÇö Storage Key Design persists custom system prompt text across restart","status":"passed","title":"persists custom system prompt text across restart","duration":0.7654999999999745,"failureMessages":[],"meta":{}},{"ancestorTitles":["Task 3.1 ΓÇö Storage Key Design"],"fullName":"Task 3.1 ΓÇö Storage Key Design persists deletion across restart","status":"passed","title":"persists deletion across restart","duration":0.725400000000036,"failureMessages":[],"meta":{}},{"ancestorTitles":["Task 3.1 ΓÇö Storage Key Design"],"fullName":"Task 3.1 ΓÇö Storage Key Design persists rename across restart","status":"passed","title":"persists rename across restart","duration":0.6330999999999563,"failureMessages":[],"meta":{}},{"ancestorTitles":["Task 3.2 ΓÇö Live Change Propagation"],"fullName":"Task 3.2 ΓÇö Live Change Propagation setActiveProfile fires onDidChange","status":"passed","title":"setActiveProfile fires onDidChange","duration":0.5609000000000037,"failureMessages":[],"meta":{}},{"ancestorTitles":["Task 3.2 ΓÇö Live Change Propagation"],"fullName":"Task 3.2 ΓÇö Live Change Propagation updateActiveProfile fires onDidChange","status":"passed","title":"updateActiveProfile fires onDidChange","duration":0.49569999999999936,"failureMessages":[],"meta":{}},{"ancestorTitles":["Task 3.2 ΓÇö Live Change Propagation"],"fullName":"Task 3.2 ΓÇö Live Change Propagation createProfile fires onDidChange","status":"passed","title":"createProfile fires onDidChange","duration":0.3312999999999988,"failureMessages":[],"meta":{}},{"ancestorTitles":["Task 3.2 ΓÇö Live Change Propagation"],"fullName":"Task 3.2 ΓÇö Live Change Propagation deleteProfile fires onDidChange","status":"passed","title":"deleteProfile fires onDidChange","duration":1.395399999999995,"failureMessages":[],"meta":{}},{"ancestorTitles":["Task 3.2 ΓÇö Live Change Propagation"],"fullName":"Task 3.2 ΓÇö Live Change Propagation renameProfile fires onDidChange when profile is active","status":"passed","title":"renameProfile fires onDidChange when profile is active","duration":0.3209000000000515,"failureMessages":[],"meta":{}},{"ancestorTitles":["Task 3.2 ΓÇö Live Change Propagation"],"fullName":"Task 3.2 ΓÇö Live Change Propagation renameProfile does NOT fire onDidChange when profile is not active","status":"passed","title":"renameProfile does NOT fire onDidChange when profile is not active","duration":0.4714999999999918,"failureMessages":[],"meta":{}},{"ancestorTitles":["Task 3.2 ΓÇö Live Change Propagation"],"fullName":"Task 3.2 ΓÇö Live Change Propagation resetSection fires onDidChange for custom profile","status":"passed","title":"resetSection fires onDidChange for custom profile","duration":0.8290999999999826,"failureMessages":[],"meta":{}},{"ancestorTitles":["Task 3.2 ΓÇö Live Change Propagation"],"fullName":"Task 3.2 ΓÇö Live Change Propagation resetSection does NOT fire for built-in profile (no-op)","status":"passed","title":"resetSection does NOT fire for built-in profile (no-op)","duration":0.31169999999997344,"failureMessages":[],"meta":{}},{"ancestorTitles":["Task 3.2 ΓÇö Live Change Propagation"],"fullName":"Task 3.2 ΓÇö Live Change Propagation resetAll fires onDidChange for custom profile","status":"passed","title":"resetAll fires onDidChange for custom profile","duration":0.564899999999966,"failureMessages":[],"meta":{}},{"ancestorTitles":["Task 3.2 ΓÇö Live Change Propagation"],"fullName":"Task 3.2 ΓÇö Live Change Propagation resetAll does NOT fire for built-in profile (no-op)","status":"passed","title":"resetAll does NOT fire for built-in profile (no-op)","duration":0.3270999999999731,"failureMessages":[],"meta":{}},{"ancestorTitles":["Task 3.2 ΓÇö Live Change Propagation"],"fullName":"Task 3.2 ΓÇö Live Change Propagation updateActiveProfile on built-in profile fires onDidChange (clone-on-write)","status":"passed","title":"updateActiveProfile on built-in profile fires onDidChange (clone-on-write)","duration":0.42969999999996844,"failureMessages":[],"meta":{}},{"ancestorTitles":["Task 3.2 ΓÇö Live Change Propagation"],"fullName":"Task 3.2 ΓÇö Live Change Propagation multiple rapid changes each fire separate events","status":"passed","title":"multiple rapid changes each fire separate events","duration":0.47610000000003083,"failureMessages":[],"meta":{}},{"ancestorTitles":["Task 3.2 ΓÇö Live Change Propagation"],"fullName":"Task 3.2 ΓÇö Live Change Propagation change propagates updated system prompt to listeners","status":"passed","title":"change propagates updated system prompt to listeners","duration":0.7006000000000085,"failureMessages":[],"meta":{}},{"ancestorTitles":["Task 3.3 ΓÇö Settings Health Check"],"fullName":"Task 3.3 ΓÇö Settings Health Check fills missing suggestions fields from DEFAULT_PROFILE","status":"passed","title":"fills missing suggestions fields from DEFAULT_PROFILE","duration":0.4463000000000079,"failureMessages":[],"meta":{}},{"ancestorTitles":["Task 3.3 ΓÇö Settings Health Check"],"fullName":"Task 3.3 ΓÇö Settings Health Check fills missing persona section entirely","status":"passed","title":"fills missing persona section entirely","duration":0.39320000000003574,"failureMessages":[],"meta":{}},{"ancestorTitles":["Task 3.3 ΓÇö Settings Health Check"],"fullName":"Task 3.3 ΓÇö Settings Health Check fills missing model section from defaults","status":"passed","title":"fills missing model section from defaults","duration":0.34559999999999036,"failureMessages":[],"meta":{}},{"ancestorTitles":["Task 3.3 ΓÇö Settings Health Check"],"fullName":"Task 3.3 ΓÇö Settings Health Check resets to defaults on corrupt JSON and logs warning","status":"passed","title":"resets to defaults on corrupt JSON and logs warning","duration":1.1125999999999863,"failureMessages":[],"meta":{}},{"ancestorTitles":["Task 3.3 ΓÇö Settings Health Check"],"fullName":"Task 3.3 ΓÇö Settings Health Check resets to defaults on empty array in storage","status":"passed","title":"resets to defaults on empty array in storage","duration":0.34250000000002956,"failureMessages":[],"meta":{}},{"ancestorTitles":["Task 3.3 ΓÇö Settings Health Check"],"fullName":"Task 3.3 ΓÇö Settings Health Check restores deleted built-in presets","status":"passed","title":"restores deleted built-in presets","duration":0.40300000000002,"failureMessages":[],"meta":{}},{"ancestorTitles":["Task 3.3 ΓÇö Settings Health Check"],"fullName":"Task 3.3 ΓÇö Settings Health Check preserves custom profiles alongside restored built-ins","status":"passed","title":"preserves custom profiles alongside restored built-ins","duration":0.36419999999998254,"failureMessages":[],"meta":{}},{"ancestorTitles":["Task 3.3 ΓÇö Settings Health Check"],"fullName":"Task 3.3 ΓÇö Settings Health Check ignores profiles without an id field","status":"passed","title":"ignores profiles without an id field","duration":0.3978999999999928,"failureMessages":[],"meta":{}},{"ancestorTitles":["Task 3.3 ΓÇö Settings Health Check"],"fullName":"Task 3.3 ΓÇö Settings Health Check preserves extra fields from stored profiles (forward compat)","status":"passed","title":"preserves extra fields from stored profiles (forward compat)","duration":1.5851999999999862,"failureMessages":[],"meta":{}},{"ancestorTitles":["Task 3.3 ΓÇö Settings Health Check"],"fullName":"Task 3.3 ΓÇö Settings Health Check custom profiles stored as isBuiltIn=true are forced to false","status":"passed","title":"custom profiles stored as isBuiltIn=true are forced to false","duration":0.4409999999999741,"failureMessages":[],"meta":{}},{"ancestorTitles":["Task 3.3 ΓÇö Settings Health Check"],"fullName":"Task 3.3 ΓÇö Settings Health Check built-in presets receive new fields added in code updates","status":"passed","title":"built-in presets receive new fields added in code updates","duration":0.2575999999999681,"failureMessages":[],"meta":{}},{"ancestorTitles":["Task 3.3 ΓÇö Settings Health Check"],"fullName":"Task 3.3 ΓÇö Settings Health Check active profile defaults to \"default\" when stored ID not found","status":"passed","title":"active profile defaults to \"default\" when stored ID not found","duration":0.2147000000000503,"failureMessages":[],"meta":{}}],"startTime":1775308475400,"endTime":1775308475425.2576,"status":"passed","message":"","name":"D:/AI/Parallx/tests/unit/aiSettingsPersistence.test.ts"},{"assertionResults":[{"ancestorTitles":["AISettingsService","initialization"],"fullName":"AISettingsService initialization seeds with 3 built-in presets on first launch","status":"passed","title":"seeds with 3 built-in presets on first launch","duration":2.5883999999999787,"failureMessages":[],"meta":{}},{"ancestorTitles":["AISettingsService","initialization"],"fullName":"AISettingsService initialization sets Default as the active profile","status":"passed","title":"sets Default as the active profile","duration":0.5381999999999607,"failureMessages":[],"meta":{}},{"ancestorTitles":["AISettingsService","initialization"],"fullName":"AISettingsService initialization persists profiles to storage on first initialize","status":"passed","title":"persists profiles to storage on first initialize","duration":1.2693000000000438,"failureMessages":[],"meta":{}},{"ancestorTitles":["AISettingsService","initialization"],"fullName":"AISettingsService initialization loads previously persisted profiles","status":"passed","title":"loads previously persisted profiles","duration":1.1200000000000045,"failureMessages":[],"meta":{}},{"ancestorTitles":["AISettingsService","setActiveProfile"],"fullName":"AISettingsService setActiveProfile switches the active profile and fires onDidChange","status":"passed","title":"switches the active profile and fires onDidChange","duration":0.49660000000005766,"failureMessages":[],"meta":{}},{"ancestorTitles":["AISettingsService","setActiveProfile"],"fullName":"AISettingsService setActiveProfile throws on unknown profile ID","status":"passed","title":"throws on unknown profile ID","duration":0.9717000000000553,"failureMessages":[],"meta":{}},{"ancestorTitles":["AISettingsService","updateActiveProfile"],"fullName":"AISettingsService updateActiveProfile deep-merges a patch without erasing other fields","status":"passed","title":"deep-merges a patch without erasing other fields","duration":0.5095000000000027,"failureMessages":[],"meta":{}},{"ancestorTitles":["AISettingsService","updateActiveProfile"],"fullName":"AISettingsService updateActiveProfile regenerates system prompt when not custom","status":"passed","title":"regenerates system prompt when not custom","duration":0.6163999999999987,"failureMessages":[],"meta":{}},{"ancestorTitles":["AISettingsService","updateActiveProfile"],"fullName":"AISettingsService updateActiveProfile does NOT regenerate system prompt when systemPromptIsCustom is true","status":"passed","title":"does NOT regenerate system prompt when systemPromptIsCustom is true","duration":0.4782999999999902,"failureMessages":[],"meta":{}},{"ancestorTitles":["AISettingsService","updateActiveProfile"],"fullName":"AISettingsService updateActiveProfile fires onDidChange after update","status":"passed","title":"fires onDidChange after update","duration":0.3343000000000984,"failureMessages":[],"meta":{}},{"ancestorTitles":["AISettingsService","updateActiveProfile"],"fullName":"AISettingsService updateActiveProfile clones built-in preset on write","status":"passed","title":"clones built-in preset on write","duration":0.3228000000000293,"failureMessages":[],"meta":{}},{"ancestorTitles":["AISettingsService","createProfile"],"fullName":"AISettingsService createProfile creates a clone of the active profile","status":"passed","title":"creates a clone of the active profile","duration":0.3523000000000138,"failureMessages":[],"meta":{}},{"ancestorTitles":["AISettingsService","createProfile"],"fullName":"AISettingsService createProfile switches active to the new profile","status":"passed","title":"switches active to the new profile","duration":0.21280000000001564,"failureMessages":[],"meta":{}},{"ancestorTitles":["AISettingsService","createProfile"],"fullName":"AISettingsService createProfile creates from a specific base profile","status":"passed","title":"creates from a specific base profile","duration":0.7972999999999502,"failureMessages":[],"meta":{}},{"ancestorTitles":["AISettingsService","deleteProfile"],"fullName":"AISettingsService deleteProfile deletes a custom profile and reverts to default","status":"passed","title":"deletes a custom profile and reverts to default","duration":0.41440000000000055,"failureMessages":[],"meta":{}},{"ancestorTitles":["AISettingsService","deleteProfile"],"fullName":"AISettingsService deleteProfile throws when deleting a built-in preset","status":"passed","title":"throws when deleting a built-in preset","duration":0.2746999999999389,"failureMessages":[],"meta":{}},{"ancestorTitles":["AISettingsService","deleteProfile"],"fullName":"AISettingsService deleteProfile fires onDidChange after deletion","status":"passed","title":"fires onDidChange after deletion","duration":0.25290000000006785,"failureMessages":[],"meta":{}},{"ancestorTitles":["AISettingsService","renameProfile"],"fullName":"AISettingsService renameProfile renames a custom profile","status":"passed","title":"renames a custom profile","duration":0.25540000000000873,"failureMessages":[],"meta":{}},{"ancestorTitles":["AISettingsService","renameProfile"],"fullName":"AISettingsService renameProfile throws when renaming a built-in preset","status":"passed","title":"throws when renaming a built-in preset","duration":0.25319999999999254,"failureMessages":[],"meta":{}},{"ancestorTitles":["AISettingsService","resetSection"],"fullName":"AISettingsService resetSection resets a specific section to defaults","status":"passed","title":"resets a specific section to defaults","duration":0.33749999999997726,"failureMessages":[],"meta":{}},{"ancestorTitles":["AISettingsService","resetSection"],"fullName":"AISettingsService resetSection is a no-op for built-in presets","status":"passed","title":"is a no-op for built-in presets","duration":0.25319999999999254,"failureMessages":[],"meta":{}},{"ancestorTitles":["AISettingsService","resetAll"],"fullName":"AISettingsService resetAll resets all sections to defaults while preserving id and name","status":"passed","title":"resets all sections to defaults while preserving id and name","duration":0.4178999999999178,"failureMessages":[],"meta":{}},{"ancestorTitles":["AISettingsService","health check on startup"],"fullName":"AISettingsService health check on startup fills missing fields from DEFAULT_PROFILE","status":"passed","title":"fills missing fields from DEFAULT_PROFILE","duration":0.616800000000012,"failureMessages":[],"meta":{}},{"ancestorTitles":["AISettingsService","health check on startup"],"fullName":"AISettingsService health check on startup resets to defaults on unparseable JSON","status":"passed","title":"resets to defaults on unparseable JSON","duration":0.7299000000000433,"failureMessages":[],"meta":{}},{"ancestorTitles":["AISettingsService"],"fullName":"AISettingsService disposes without error","status":"passed","title":"disposes without error","duration":0.2802000000000362,"failureMessages":[],"meta":{}}],"startTime":1775308476098,"endTime":1775308476114.2803,"status":"passed","message":"","name":"D:/AI/Parallx/tests/unit/aiSettingsService.test.ts"},{"assertionResults":[{"ancestorTitles":["ProactiveSuggestionsService with Unified Config (M40 Phase 6)"],"fullName":"ProactiveSuggestionsService with Unified Config (M40 Phase 6) works without unified config service (backward compat)","status":"passed","title":"works without unified config service (backward compat)","duration":1.566000000000031,"failureMessages":[],"meta":{}},{"ancestorTitles":["ProactiveSuggestionsService with Unified Config (M40 Phase 6)"],"fullName":"ProactiveSuggestionsService with Unified Config (M40 Phase 6) reads initial settings from unified config","status":"passed","title":"reads initial settings from unified config","duration":0.6574999999999704,"failureMessages":[],"meta":{}},{"ancestorTitles":["ProactiveSuggestionsService with Unified Config (M40 Phase 6)"],"fullName":"ProactiveSuggestionsService with Unified Config (M40 Phase 6) disables scheduling when suggestionsEnabled is false","status":"passed","title":"disables scheduling when suggestionsEnabled is false","duration":59.78590000000003,"failureMessages":[],"meta":{}},{"ancestorTitles":["ProactiveSuggestionsService with Unified Config (M40 Phase 6)"],"fullName":"ProactiveSuggestionsService with Unified Config (M40 Phase 6) allows scheduling when suggestionsEnabled is true","status":"passed","title":"allows scheduling when suggestionsEnabled is true","duration":4.247099999999989,"failureMessages":[],"meta":{}},{"ancestorTitles":["ProactiveSuggestionsService with Unified Config (M40 Phase 6)"],"fullName":"ProactiveSuggestionsService with Unified Config (M40 Phase 6) updates thresholds when onDidChangeConfig fires","status":"passed","title":"updates thresholds when onDidChangeConfig fires","duration":0.5541999999999803,"failureMessages":[],"meta":{}},{"ancestorTitles":["ProactiveSuggestionsService with Unified Config (M40 Phase 6)"],"fullName":"ProactiveSuggestionsService with Unified Config (M40 Phase 6) respects maxPendingSuggestions from settings","status":"passed","title":"respects maxPendingSuggestions from settings","duration":0.4925000000000068,"failureMessages":[],"meta":{}},{"ancestorTitles":["ProactiveSuggestionsService with Unified Config (M40 Phase 6)"],"fullName":"ProactiveSuggestionsService with Unified Config (M40 Phase 6) applies higher threshold to reduce cluster detection","status":"passed","title":"applies higher threshold to reduce cluster detection","duration":0.34799999999995634,"failureMessages":[],"meta":{}},{"ancestorTitles":["Chat Participant Unified Config Integration (M40 Phase 6)"],"fullName":"Chat Participant Unified Config Integration (M40 Phase 6) IDefaultParticipantServices accepts unifiedConfigService","status":"passed","title":"IDefaultParticipantServices accepts unifiedConfigService","duration":0.13690000000002556,"failureMessages":[],"meta":{}},{"ancestorTitles":["Chat Participant Unified Config Integration (M40 Phase 6)"],"fullName":"Chat Participant Unified Config Integration (M40 Phase 6) unified config system prompt is used as promptOverlay","status":"passed","title":"unified config system prompt is used as promptOverlay","duration":0.38900000000001,"failureMessages":[],"meta":{}},{"ancestorTitles":["Chat Participant Unified Config Integration (M40 Phase 6)"],"fullName":"Chat Participant Unified Config Integration (M40 Phase 6) falls back to file overlay when unified config system prompt is empty","status":"passed","title":"falls back to file overlay when unified config system prompt is empty","duration":0.22849999999999682,"failureMessages":[],"meta":{}},{"ancestorTitles":["Chat Participant Unified Config Integration (M40 Phase 6)"],"fullName":"Chat Participant Unified Config Integration (M40 Phase 6) temperature from unified config is applied to request options","status":"passed","title":"temperature from unified config is applied to request options","duration":0.2319999999999709,"failureMessages":[],"meta":{}},{"ancestorTitles":["Chat Participant Unified Config Integration (M40 Phase 6)"],"fullName":"Chat Participant Unified Config Integration (M40 Phase 6) non-zero maxTokens from unified config is passed through","status":"passed","title":"non-zero maxTokens from unified config is passed through","duration":0.12860000000000582,"failureMessages":[],"meta":{}},{"ancestorTitles":["Chat Participant Unified Config Integration (M40 Phase 6)"],"fullName":"Chat Participant Unified Config Integration (M40 Phase 6) built-in presets have distinct system prompts","status":"passed","title":"built-in presets have distinct system prompts","duration":0.13040000000000873,"failureMessages":[],"meta":{}}],"startTime":1775308470414,"endTime":1775308470483.232,"status":"passed","message":"","name":"D:/AI/Parallx/tests/unit/aiSettingsWiring.test.ts"},{"assertionResults":[{"ancestorTitles":["blockRegistry","BLOCK_REGISTRY map"],"fullName":"blockRegistry BLOCK_REGISTRY map is a non-empty Map","status":"passed","title":"is a non-empty Map","duration":1.2025999999996202,"failureMessages":[],"meta":{}},{"ancestorTitles":["blockRegistry","BLOCK_REGISTRY map"],"fullName":"blockRegistry BLOCK_REGISTRY map every entry has required fields","status":"passed","title":"every entry has required fields","duration":3.770300000000134,"failureMessages":[],"meta":{}},{"ancestorTitles":["blockRegistry","COLUMN_BLOCK_NODE_TYPES parity"],"fullName":"blockRegistry COLUMN_BLOCK_NODE_TYPES parity contains the same set of node types as the original","status":"passed","title":"contains the same set of node types as the original","duration":0.47080000000005384,"failureMessages":[],"meta":{}},{"ancestorTitles":["blockRegistry","DRAG_HANDLE_CUSTOM_NODE_TYPES parity"],"fullName":"blockRegistry DRAG_HANDLE_CUSTOM_NODE_TYPES parity contains the same set of node types as the original","status":"passed","title":"contains the same set of node types as the original","duration":0.24759999999969295,"failureMessages":[],"meta":{}},{"ancestorTitles":["blockRegistry","PAGE_CONTAINERS parity"],"fullName":"blockRegistry PAGE_CONTAINERS parity equals the original PAGE_CONTAINERS set","status":"passed","title":"equals the original PAGE_CONTAINERS set","duration":0.16790000000037253,"failureMessages":[],"meta":{}},{"ancestorTitles":["blockRegistry","COLUMN_CONTENT_NODE_TYPES"],"fullName":"blockRegistry COLUMN_CONTENT_NODE_TYPES includes all COLUMN_BLOCK_NODE_TYPES plus columnList","status":"passed","title":"includes all COLUMN_BLOCK_NODE_TYPES plus columnList","duration":0.3081999999994878,"failureMessages":[],"meta":{}},{"ancestorTitles":["blockRegistry","COLUMN_CONTENT_EXPRESSION"],"fullName":"blockRegistry COLUMN_CONTENT_EXPRESSION matches the expected ProseMirror content expression format","status":"passed","title":"matches the expected ProseMirror content expression format","duration":0.305899999999383,"failureMessages":[],"meta":{}},{"ancestorTitles":["blockRegistry","getBlockLabel()"],"fullName":"blockRegistry getBlockLabel() matches all original _getBlockLabel entries","status":"passed","title":"matches all original _getBlockLabel entries","duration":0.37010000000009313,"failureMessages":[],"meta":{}},{"ancestorTitles":["blockRegistry","getBlockLabel()"],"fullName":"blockRegistry getBlockLabel() returns the type name as fallback for unknown types","status":"passed","title":"returns the type name as fallback for unknown types","duration":0.24579999999969004,"failureMessages":[],"meta":{}},{"ancestorTitles":["blockRegistry","getSlashMenuBlocks()"],"fullName":"blockRegistry getSlashMenuBlocks() returns items sorted by slash menu order","status":"passed","title":"returns items sorted by slash menu order","duration":0.4585000000006403,"failureMessages":[],"meta":{}},{"ancestorTitles":["blockRegistry","getSlashMenuBlocks()"],"fullName":"blockRegistry getSlashMenuBlocks() returns 30 slash menu items","status":"passed","title":"returns 30 slash menu items","duration":0.5978000000004613,"failureMessages":[],"meta":{}},{"ancestorTitles":["blockRegistry","getSlashMenuBlocks()"],"fullName":"blockRegistry getSlashMenuBlocks() includes Page as the first item (order 0)","status":"passed","title":"includes Page as the first item (order 0)","duration":0.08140000000003056,"failureMessages":[],"meta":{}},{"ancestorTitles":["blockRegistry","getTurnIntoBlocks()"],"fullName":"blockRegistry getTurnIntoBlocks() returns 15 turn-into items","status":"passed","title":"returns 15 turn-into items","duration":0.1629000000002634,"failureMessages":[],"meta":{}},{"ancestorTitles":["blockRegistry","getTurnIntoBlocks()"],"fullName":"blockRegistry getTurnIntoBlocks() returns items sorted by turn-into order","status":"passed","title":"returns items sorted by turn-into order","duration":0.19610000000011496,"failureMessages":[],"meta":{}},{"ancestorTitles":["blockRegistry","getTurnIntoBlocks()"],"fullName":"blockRegistry getTurnIntoBlocks() starts with Text (paragraph)","status":"passed","title":"starts with Text (paragraph)","duration":0.04980000000068685,"failureMessages":[],"meta":{}},{"ancestorTitles":["blockRegistry","isContainerBlockType()"],"fullName":"blockRegistry isContainerBlockType() returns true for container blocks","status":"passed","title":"returns true for container blocks","duration":0.13660000000072614,"failureMessages":[],"meta":{}},{"ancestorTitles":["blockRegistry","isContainerBlockType()"],"fullName":"blockRegistry isContainerBlockType() returns false for leaf blocks","status":"passed","title":"returns false for leaf blocks","duration":0.0639999999993961,"failureMessages":[],"meta":{}},{"ancestorTitles":["blockRegistry","isContainerBlockType()"],"fullName":"blockRegistry isContainerBlockType() returns false for unknown types","status":"passed","title":"returns false for unknown types","duration":0.04879999999957363,"failureMessages":[],"meta":{}},{"ancestorTitles":["blockRegistry","getNodePlaceholder()"],"fullName":"blockRegistry getNodePlaceholder() returns level-specific placeholder for headings","status":"passed","title":"returns level-specific placeholder for headings","duration":0.10280000000057044,"failureMessages":[],"meta":{}},{"ancestorTitles":["blockRegistry","getNodePlaceholder()"],"fullName":"blockRegistry getNodePlaceholder() returns placeholder for structural nodes","status":"passed","title":"returns placeholder for structural nodes","duration":0.05749999999989086,"failureMessages":[],"meta":{}},{"ancestorTitles":["blockRegistry","getNodePlaceholder()"],"fullName":"blockRegistry getNodePlaceholder() returns undefined for nodes without placeholder config","status":"passed","title":"returns undefined for nodes without placeholder config","duration":0.08010000000012951,"failureMessages":[],"meta":{}},{"ancestorTitles":["blockRegistry","SLASH_MENU_ITEMS parity"],"fullName":"blockRegistry SLASH_MENU_ITEMS parity produces 30 items","status":"passed","title":"produces 30 items","duration":0.09859999999935098,"failureMessages":[],"meta":{}},{"ancestorTitles":["blockRegistry","SLASH_MENU_ITEMS parity"],"fullName":"blockRegistry SLASH_MENU_ITEMS parity preserves all original labels","status":"passed","title":"preserves all original labels","duration":0.18949999999949796,"failureMessages":[],"meta":{}},{"ancestorTitles":["blockRegistry","SLASH_MENU_ITEMS parity"],"fullName":"blockRegistry SLASH_MENU_ITEMS parity every item has blockId, label, icon, and description","status":"passed","title":"every item has blockId, label, icon, and description","duration":1.0943999999999505,"failureMessages":[],"meta":{}},{"ancestorTitles":["blockRegistry","SLASH_MENU_ITEMS parity"],"fullName":"blockRegistry SLASH_MENU_ITEMS parity uses SlashMenuConfig.label overrides when present","status":"passed","title":"uses SlashMenuConfig.label overrides when present","duration":0.12489999999979773,"failureMessages":[],"meta":{}},{"ancestorTitles":["blockRegistry","extension factories"],"fullName":"blockRegistry extension factories every non-starterkit node type has exactly one definition with an extension factory","status":"passed","title":"every non-starterkit node type has exactly one definition with an extension factory","duration":0.34909999999945285,"failureMessages":[],"meta":{}},{"ancestorTitles":["blockRegistry","extension factories"],"fullName":"blockRegistry extension factories no starterkit definition has an extension factory","status":"passed","title":"no starterkit definition has an extension factory","duration":0.16000000000076398,"failureMessages":[],"meta":{}},{"ancestorTitles":["blockRegistry","extension factories"],"fullName":"blockRegistry extension factories every non-starterkit unique node type has a factory somewhere (or is bundled with parent)","status":"passed","title":"every non-starterkit unique node type has a factory somewhere (or is bundled with parent)","duration":0.3896999999997206,"failureMessages":[],"meta":{}},{"ancestorTitles":["blockRegistry","extension factories"],"fullName":"blockRegistry extension factories getBlockExtensions returns a non-empty array","status":"passed","title":"getBlockExtensions returns a non-empty array","duration":0.6045999999996639,"failureMessages":[],"meta":{}},{"ancestorTitles":["blockRegistry","extension factories"],"fullName":"blockRegistry extension factories getBlockExtensions returns unique extensions (no duplicates by name)","status":"passed","title":"getBlockExtensions returns unique extensions (no duplicates by name)","duration":0.25540000000000873,"failureMessages":[],"meta":{}}],"startTime":1775308482122,"endTime":1775308482135.6045,"status":"passed","message":"","name":"D:/AI/Parallx/tests/unit/blockRegistry.test.ts"},{"assertionResults":[{"ancestorTitles":["board layout: column rendering"],"fullName":"board layout: column rendering renders columns matching option order + \"No value\"","status":"passed","title":"renders columns matching option order + \"No value\"","duration":20.40139999999883,"failureMessages":[],"meta":{}},{"ancestorTitles":["board layout: column rendering"],"fullName":"board layout: column rendering hides empty columns when hideEmptyGroups is true","status":"passed","title":"hides empty columns when hideEmptyGroups is true","duration":2.438299999999799,"failureMessages":[],"meta":{}},{"ancestorTitles":["board layout: column rendering"],"fullName":"board layout: column rendering shows row count in column header","status":"passed","title":"shows row count in column header","duration":3.6538999999993393,"failureMessages":[],"meta":{}},{"ancestorTitles":["board layout: group property resolution"],"fullName":"board layout: group property resolution uses boardGroupProperty from view config","status":"passed","title":"uses boardGroupProperty from view config","duration":2.859200000000783,"failureMessages":[],"meta":{}},{"ancestorTitles":["board layout: group property resolution"],"fullName":"board layout: group property resolution falls back to groupBy when boardGroupProperty is null","status":"passed","title":"falls back to groupBy when boardGroupProperty is null","duration":4.557600000000093,"failureMessages":[],"meta":{}},{"ancestorTitles":["board layout: group property resolution"],"fullName":"board layout: group property resolution falls back to first select/status property when both are null","status":"passed","title":"falls back to first select/status property when both are null","duration":2.4416000000001077,"failureMessages":[],"meta":{}},{"ancestorTitles":["board layout: group property resolution"],"fullName":"board layout: group property resolution renders single \"All\" group when no select/status property exists","status":"passed","title":"renders single \"All\" group when no select/status property exists","duration":1.2921999999998661,"failureMessages":[],"meta":{}},{"ancestorTitles":["board layout: card rendering"],"fullName":"board layout: card rendering renders card with title","status":"passed","title":"renders card with title","duration":2.546299999999974,"failureMessages":[],"meta":{}},{"ancestorTitles":["board layout: card rendering"],"fullName":"board layout: card rendering renders \"Untitled\" for empty title","status":"passed","title":"renders \"Untitled\" for empty title","duration":2.386500000000524,"failureMessages":[],"meta":{}},{"ancestorTitles":["board layout: card rendering"],"fullName":"board layout: card rendering renders card cover image with CSS custom property","status":"passed","title":"renders card cover image with CSS custom property","duration":2.494300000000294,"failureMessages":[],"meta":{}},{"ancestorTitles":["board layout: card rendering"],"fullName":"board layout: card rendering cards are draggable","status":"passed","title":"cards are draggable","duration":1.5393000000003667,"failureMessages":[],"meta":{}},{"ancestorTitles":["board layout: card rendering"],"fullName":"board layout: card rendering renders up to 3 preview properties (excluding title and group prop)","status":"passed","title":"renders up to 3 preview properties (excluding title and group prop)","duration":2.2488999999986845,"failureMessages":[],"meta":{}},{"ancestorTitles":["board layout: card rendering"],"fullName":"board layout: card rendering each column has a \"+ New\" button","status":"passed","title":"each column has a \"+ New\" button","duration":1.0558000000000902,"failureMessages":[],"meta":{}},{"ancestorTitles":["board layout: reactive updates"],"fullName":"board layout: reactive updates re-renders when setRows is called","status":"passed","title":"re-renders when setRows is called","duration":2.521600000000035,"failureMessages":[],"meta":{}},{"ancestorTitles":["board layout: reactive updates"],"fullName":"board layout: reactive updates accepts pre-computed groups via setRows","status":"passed","title":"accepts pre-computed groups via setRows","duration":2.1172000000005937,"failureMessages":[],"meta":{}},{"ancestorTitles":["board layout: drag-to-change-status"],"fullName":"board layout: drag-to-change-status calls setPropertyValue when card is dropped in a different column","status":"passed","title":"calls setPropertyValue when card is dropped in a different column","duration":18.584100000000035,"failureMessages":[],"meta":{}},{"ancestorTitles":["board layout: drag-to-change-status"],"fullName":"board layout: drag-to-change-status calls reorderRows after cross-column drop","status":"passed","title":"calls reorderRows after cross-column drop","duration":15.248700000000099,"failureMessages":[],"meta":{}}],"startTime":1775308478110,"endTime":1775308478199.2488,"status":"passed","message":"","name":"D:/AI/Parallx/tests/unit/boardView.test.ts"},{"assertionResults":[{"ancestorTitles":["registerBuiltInTools"],"fullName":"registerBuiltInTools registers all 19 built-in tools","status":"passed","title":"registers all 19 built-in tools","duration":2.8763000000001284,"failureMessages":[],"meta":{}},{"ancestorTitles":["registerBuiltInTools"],"fullName":"registerBuiltInTools read-only tools do not require confirmation","status":"passed","title":"read-only tools do not require confirmation","duration":0.7565999999999349,"failureMessages":[],"meta":{}},{"ancestorTitles":["registerBuiltInTools"],"fullName":"registerBuiltInTools create_page requires confirmation","status":"passed","title":"create_page requires confirmation","duration":0.2601000000001932,"failureMessages":[],"meta":{}},{"ancestorTitles":["search_workspace tool"],"fullName":"search_workspace tool searches pages by query","status":"passed","title":"searches pages by query","duration":0.8981999999998607,"failureMessages":[],"meta":{}},{"ancestorTitles":["search_workspace tool"],"fullName":"search_workspace tool returns error for empty query","status":"passed","title":"returns error for empty query","duration":0.3281000000001768,"failureMessages":[],"meta":{}},{"ancestorTitles":["search_workspace tool"],"fullName":"search_workspace tool reports no results","status":"passed","title":"reports no results","duration":0.3790000000001328,"failureMessages":[],"meta":{}},{"ancestorTitles":["read_page tool"],"fullName":"read_page tool reads page content by ID","status":"passed","title":"reads page content by ID","duration":0.3308999999999287,"failureMessages":[],"meta":{}},{"ancestorTitles":["read_page tool"],"fullName":"read_page tool returns error for missing page","status":"passed","title":"returns error for missing page","duration":1.3157000000001062,"failureMessages":[],"meta":{}},{"ancestorTitles":["read_page tool"],"fullName":"read_page tool returns error when pageId not provided","status":"passed","title":"returns error when pageId not provided","duration":0.412900000000036,"failureMessages":[],"meta":{}},{"ancestorTitles":["transcript tools"],"fullName":"transcript tools transcript_get renders a readable transcript instead of raw jsonl","status":"passed","title":"transcript_get renders a readable transcript instead of raw jsonl","duration":0.7771999999999935,"failureMessages":[],"meta":{}},{"ancestorTitles":["transcript tools"],"fullName":"transcript tools transcript_search reports disabled state until transcript indexing is enabled","status":"passed","title":"transcript_search reports disabled state until transcript indexing is enabled","duration":0.48870000000010805,"failureMessages":[],"meta":{}},{"ancestorTitles":["transcript tools"],"fullName":"transcript tools transcript_search returns formatted transcript matches when enabled","status":"passed","title":"transcript_search returns formatted transcript matches when enabled","duration":0.4420000000000073,"failureMessages":[],"meta":{}},{"ancestorTitles":["list_pages tool"],"fullName":"list_pages tool lists pages with titles and IDs","status":"passed","title":"lists pages with titles and IDs","duration":0.3303000000000793,"failureMessages":[],"meta":{}},{"ancestorTitles":["list_pages tool"],"fullName":"list_pages tool reports empty workspace","status":"passed","title":"reports empty workspace","duration":0.18399999999996908,"failureMessages":[],"meta":{}},{"ancestorTitles":["get_page_properties tool"],"fullName":"get_page_properties tool returns page metadata","status":"passed","title":"returns page metadata","duration":0.25969999999983884,"failureMessages":[],"meta":{}},{"ancestorTitles":["get_page_properties tool"],"fullName":"get_page_properties tool returns error for missing page","status":"passed","title":"returns error for missing page","duration":0.22019999999997708,"failureMessages":[],"meta":{}},{"ancestorTitles":["create_page tool"],"fullName":"create_page tool creates a page with title","status":"passed","title":"creates a page with title","duration":2.731700000000046,"failureMessages":[],"meta":{}},{"ancestorTitles":["create_page tool"],"fullName":"create_page tool returns error for empty title","status":"passed","title":"returns error for empty title","duration":0.24610000000006949,"failureMessages":[],"meta":{}},{"ancestorTitles":["create_page tool"],"fullName":"create_page tool passes content and icon to INSERT","status":"passed","title":"passes content and icon to INSERT","duration":0.4375,"failureMessages":[],"meta":{}},{"ancestorTitles":["built-in tools with no database"],"fullName":"built-in tools with no database db-backed tools return an error when db is undefined","status":"passed","title":"db-backed tools return an error when db is undefined","duration":0.5313000000001011,"failureMessages":[],"meta":{}},{"ancestorTitles":["memory_get tool"],"fullName":"memory_get tool reads durable memory by default","status":"passed","title":"reads durable memory by default","duration":0.41409999999996217,"failureMessages":[],"meta":{}},{"ancestorTitles":["memory_get tool"],"fullName":"memory_get tool reads daily memory for a provided date","status":"passed","title":"reads daily memory for a provided date","duration":0.3466000000000804,"failureMessages":[],"meta":{}},{"ancestorTitles":["memory_search tool"],"fullName":"memory_search tool filters retrieval results to canonical memory files","status":"passed","title":"filters retrieval results to canonical memory files","duration":0.5206999999998061,"failureMessages":[],"meta":{}},{"ancestorTitles":["memory_search tool"],"fullName":"memory_search tool returns a friendly message when no memory results match","status":"passed","title":"returns a friendly message when no memory results match","duration":0.26089999999999236,"failureMessages":[],"meta":{}},{"ancestorTitles":["search_knowledge tool"],"fullName":"search_knowledge tool passes folder_path as pathPrefixes to the retrieval function","status":"passed","title":"passes folder_path as pathPrefixes to the retrieval function","duration":0.5919000000001233,"failureMessages":[],"meta":{}},{"ancestorTitles":["search_knowledge tool"],"fullName":"search_knowledge tool omits pathPrefixes when folder_path is not provided","status":"passed","title":"omits pathPrefixes when folder_path is not provided","duration":0.336699999999837,"failureMessages":[],"meta":{}}],"startTime":1775308476797,"endTime":1775308476815.3367,"status":"passed","message":"","name":"D:/AI/Parallx/tests/unit/builtInTools.test.ts"},{"assertionResults":[{"ancestorTitles":["calendar layout: grid structure"],"fullName":"calendar layout: grid structure renders .db-calendar wrapper element","status":"passed","title":"renders .db-calendar wrapper element","duration":17.844500000000153,"failureMessages":[],"meta":{}},{"ancestorTitles":["calendar layout: grid structure"],"fullName":"calendar layout: grid structure renders 7 day-name columns","status":"passed","title":"renders 7 day-name columns","duration":15.434199999999691,"failureMessages":[],"meta":{}},{"ancestorTitles":["calendar layout: grid structure"],"fullName":"calendar layout: grid structure renders calendar cells (between 28 and 42)","status":"passed","title":"renders calendar cells (between 28 and 42)","duration":6.014000000000124,"failureMessages":[],"meta":{}},{"ancestorTitles":["calendar layout: grid structure"],"fullName":"calendar layout: grid structure marks today cell with special class","status":"passed","title":"marks today cell with special class","duration":5.505900000000111,"failureMessages":[],"meta":{}},{"ancestorTitles":["calendar layout: grid structure"],"fullName":"calendar layout: grid structure marks other-month cells with dimming class when present","status":"passed","title":"marks other-month cells with dimming class when present","duration":8.252800000000207,"failureMessages":[],"meta":{}},{"ancestorTitles":["calendar layout: date placement"],"fullName":"calendar layout: date placement places row on the correct date cell","status":"passed","title":"places row on the correct date cell","duration":4.4330999999992855,"failureMessages":[],"meta":{}},{"ancestorTitles":["calendar layout: date placement"],"fullName":"calendar layout: date placement renders \"Untitled\" for row with empty title","status":"passed","title":"renders \"Untitled\" for row with empty title","duration":4.318500000000313,"failureMessages":[],"meta":{}},{"ancestorTitles":["calendar layout: date placement"],"fullName":"calendar layout: date placement does not place rows without date values","status":"passed","title":"does not place rows without date values","duration":10.452900000000227,"failureMessages":[],"meta":{}},{"ancestorTitles":["calendar layout: date placement"],"fullName":"calendar layout: date placement shows \"+N more\" when more than 3 items on same date","status":"passed","title":"shows \"+N more\" when more than 3 items on same date","duration":7.875100000000202,"failureMessages":[],"meta":{}},{"ancestorTitles":["calendar layout: navigation"],"fullName":"calendar layout: navigation renders month/year in header","status":"passed","title":"renders month/year in header","duration":5.554399999999987,"failureMessages":[],"meta":{}},{"ancestorTitles":["calendar layout: navigation"],"fullName":"calendar layout: navigation renders prev, next, and today navigation buttons","status":"passed","title":"renders prev, next, and today navigation buttons","duration":5.532900000000154,"failureMessages":[],"meta":{}},{"ancestorTitles":["calendar layout: navigation"],"fullName":"calendar layout: navigation navigates to previous month on prev click","status":"passed","title":"navigates to previous month on prev click","duration":7.254100000000108,"failureMessages":[],"meta":{}},{"ancestorTitles":["calendar layout: navigation"],"fullName":"calendar layout: navigation navigates to next month on next click","status":"passed","title":"navigates to next month on next click","duration":9.2524999999996,"failureMessages":[],"meta":{}},{"ancestorTitles":["calendar layout: date property resolution"],"fullName":"calendar layout: date property resolution uses configured dateProperty from view config","status":"passed","title":"uses configured dateProperty from view config","duration":3.6049999999995634,"failureMessages":[],"meta":{}},{"ancestorTitles":["calendar layout: date property resolution"],"fullName":"calendar layout: date property resolution falls back to first date property when config is unset","status":"passed","title":"falls back to first date property when config is unset","duration":3.072400000000016,"failureMessages":[],"meta":{}},{"ancestorTitles":["calendar layout: date property resolution"],"fullName":"calendar layout: date property resolution renders no items when no date property exists in schema","status":"passed","title":"renders no items when no date property exists in schema","duration":2.93119999999999,"failureMessages":[],"meta":{}},{"ancestorTitles":["calendar layout: click item to open"],"fullName":"calendar layout: click item to open calls openEditor when calendar item is clicked","status":"passed","title":"calls openEditor when calendar item is clicked","duration":6.704299999999421,"failureMessages":[],"meta":{}},{"ancestorTitles":["calendar layout: click day to create"],"fullName":"calendar layout: click day to create calls addRow and setPropertyValue when a cell is clicked","status":"passed","title":"calls addRow and setPropertyValue when a cell is clicked","duration":29.779900000000453,"failureMessages":[],"meta":{}},{"ancestorTitles":["calendar layout: reactive updates"],"fullName":"calendar layout: reactive updates re-renders when setRows is called","status":"passed","title":"
[...]
ion":62.82800000000043,"failureMessages":[],"meta":{}},{"ancestorTitles":["McpClientService"],"fullName":"McpClientService correctly correlates interleaved responses","status":"passed","title":"correctly correlates interleaved responses","duration":61.086199999999735,"failureMessages":[],"meta":{}},{"ancestorTitles":["McpClientService"],"fullName":"McpClientService _handleMessage ignores invalid JSON","status":"passed","title":"_handleMessage ignores invalid JSON","duration":56.0627999999997,"failureMessages":[],"meta":{}},{"ancestorTitles":["McpClientService"],"fullName":"McpClientService _handleMessage emits notification event for messages with method but no id","status":"passed","title":"_handleMessage emits notification event for messages with method but no id","duration":66.15189999999984,"failureMessages":[],"meta":{}},{"ancestorTitles":["McpClientService"],"fullName":"McpClientService _handleMessage ignores wrong jsonrpc version","status":"passed","title":"_handleMessage ignores wrong jsonrpc version","duration":61.13050000000021,"failureMessages":[],"meta":{}},{"ancestorTitles":["McpClientService"],"fullName":"McpClientService _handleMessage rejects pending on error response","status":"passed","title":"_handleMessage rejects pending on error response","duration":60.30130000000008,"failureMessages":[],"meta":{}},{"ancestorTitles":["McpClientService"],"fullName":"McpClientService pending requests are rejected when server disconnects externally","status":"passed","title":"pending requests are rejected when server disconnects externally","duration":54.89379999999983,"failureMessages":[],"meta":{}},{"ancestorTitles":["McpClientService"],"fullName":"McpClientService dispose disconnects all servers","status":"passed","title":"dispose disconnects all servers","duration":51.967500000000655,"failureMessages":[],"meta":{}},{"ancestorTitles":["McpClientService"],"fullName":"McpClientService _createTransport throws for unsupported transport type","status":"passed","title":"_createTransport throws for unsupported transport type","duration":0.3692000000000917,"failureMessages":[],"meta":{}},{"ancestorTitles":["McpClientService"],"fullName":"McpClientService _createTransport throws for stdio without command","status":"passed","title":"_createTransport throws for stdio without command","duration":0.23030000000017026,"failureMessages":[],"meta":{}},{"ancestorTitles":["McpClientService"],"fullName":"McpClientService _createTransport returns McpStdioTransport for valid stdio config","status":"passed","title":"_createTransport returns McpStdioTransport for valid stdio config","duration":0.23229999999966822,"failureMessages":[],"meta":{}},{"ancestorTitles":["McpClientService"],"fullName":"McpClientService responds to server ping request with { result: {} }","status":"passed","title":"responds to server ping request with { result: {} }","duration":57.33100000000013,"failureMessages":[],"meta":{}},{"ancestorTitles":["McpClientService"],"fullName":"McpClientService responds to server ping with string id","status":"passed","title":"responds to server ping with string id","duration":63.49129999999968,"failureMessages":[],"meta":{}},{"ancestorTitles":["McpClientService"],"fullName":"McpClientService responds to unknown server request with method-not-found error","status":"passed","title":"responds to unknown server request with method-not-found error","duration":61.8113000000003,"failureMessages":[],"meta":{}},{"ancestorTitles":["McpClientService"],"fullName":"McpClientService ping() sends ping request and returns latency","status":"passed","title":"ping() sends ping request and returns latency","duration":62.20820000000003,"failureMessages":[],"meta":{}},{"ancestorTitles":["McpClientService"],"fullName":"McpClientService ping() throws for unconnected server","status":"passed","title":"ping() throws for unconnected server","duration":0.47010000000045693,"failureMessages":[],"meta":{}},{"ancestorTitles":["McpClientService"],"fullName":"McpClientService ping() rejects on timeout (5s)","status":"passed","title":"ping() rejects on timeout (5s)","duration":60.983000000000175,"failureMessages":[],"meta":{}},{"ancestorTitles":["McpClientService"],"fullName":"McpClientService health monitor sends periodic pings","status":"passed","title":"health monitor sends periodic pings","duration":61.4988000000003,"failureMessages":[],"meta":{}},{"ancestorTitles":["McpClientService"],"fullName":"McpClientService getHealthInfo returns initial state after connect","status":"passed","title":"getHealthInfo returns initial state after connect","duration":54.128600000000006,"failureMessages":[],"meta":{}},{"ancestorTitles":["McpClientService"],"fullName":"McpClientService getHealthInfo returns undefined for unknown server","status":"passed","title":"getHealthInfo returns undefined for unknown server","duration":0.26749999999992724,"failureMessages":[],"meta":{}},{"ancestorTitles":["McpClientService"],"fullName":"McpClientService ping() updates health info on success","status":"passed","title":"ping() updates health info on success","duration":52.22780000000057,"failureMessages":[],"meta":{}},{"ancestorTitles":["McpClientService"],"fullName":"McpClientService onDidReceiveNotification fires for server notifications","status":"passed","title":"onDidReceiveNotification fires for server notifications","duration":61.13119999999981,"failureMessages":[],"meta":{}},{"ancestorTitles":["McpClientService"],"fullName":"McpClientService notifications do not resolve pending requests","status":"passed","title":"notifications do not resolve pending requests","duration":62.54289999999946,"failureMessages":[],"meta":{}},{"ancestorTitles":["McpClientService"],"fullName":"McpClientService ping() rejects during reconnecting state","status":"passed","title":"ping() rejects during reconnecting state","duration":62.48729999999978,"failureMessages":[],"meta":{}},{"ancestorTitles":["McpClientService"],"fullName":"McpClientService health monitor stops during reconnect and restarts after success","status":"passed","title":"health monitor stops during reconnect and restarts after success","duration":63.641099999999824,"failureMessages":[],"meta":{}},{"ancestorTitles":["McpClientService"],"fullName":"McpClientService auto-reconnects on unexpected close","status":"passed","title":"auto-reconnects on unexpected close","duration":60.968299999999545,"failureMessages":[],"meta":{}},{"ancestorTitles":["McpClientService"],"fullName":"McpClientService manual disconnect does NOT auto-reconnect","status":"passed","title":"manual disconnect does NOT auto-reconnect","duration":60.13389999999981,"failureMessages":[],"meta":{}},{"ancestorTitles":["McpClientService"],"fullName":"McpClientService gives up after maxReconnectAttempts","status":"passed","title":"gives up after maxReconnectAttempts","duration":61.260300000000825,"failureMessages":[],"meta":{}},{"ancestorTitles":["McpClientService"],"fullName":"McpClientService respects autoReconnect: false config","status":"passed","title":"respects autoReconnect: false config","duration":59.91199999999935,"failureMessages":[],"meta":{}},{"ancestorTitles":["McpClientService","server config persistence"],"fullName":"McpClientService server config persistence seeds default servers on first run (no stored config)","status":"passed","title":"seeds default servers on first run (no stored config)","duration":1.295799999999872,"failureMessages":[],"meta":{}},{"ancestorTitles":["McpClientService","server config persistence"],"fullName":"McpClientService server config persistence loads stored servers instead of defaults","status":"passed","title":"loads stored servers instead of defaults","duration":0.2437999999992826,"failureMessages":[],"meta":{}},{"ancestorTitles":["McpClientService","server config persistence"],"fullName":"McpClientService server config persistence seeds defaults when stored value is empty array","status":"passed","title":"seeds defaults when stored value is empty array","duration":0.18689999999969586,"failureMessages":[],"meta":{}},{"ancestorTitles":["McpClientService","server config persistence"],"fullName":"McpClientService server config persistence addServerConfig upserts and persists","status":"passed","title":"addServerConfig upserts and persists","duration":0.5859999999993306,"failureMessages":[],"meta":{}},{"ancestorTitles":["McpClientService","server config persistence"],"fullName":"McpClientService server config persistence addServerConfig replaces existing server with same ID","status":"passed","title":"addServerConfig replaces existing server with same ID","duration":0.2569000000003143,"failureMessages":[],"meta":{}},{"ancestorTitles":["McpClientService","server config persistence"],"fullName":"McpClientService server config persistence removeServerConfig removes and persists","status":"passed","title":"removeServerConfig removes and persists","duration":0.30940000000009604,"failureMessages":[],"meta":{}},{"ancestorTitles":["McpClientService","server config persistence"],"fullName":"McpClientService server config persistence getConfiguredServers returns empty array when no storage initialized","status":"passed","title":"getConfiguredServers returns empty array when no storage initialized","duration":0.13979999999992287,"failureMessages":[],"meta":{}}],"startTime":1775308475216,"endTime":1775308477328.3093,"status":"passed","message":"","name":"D:/AI/Parallx/tests/unit/mcp/mcpClientService.test.ts"},{"assertionResults":[{"ancestorTitles":["McpToolBridge"],"fullName":"McpToolBridge refreshTools registers tools from server","status":"passed","title":"refreshTools registers tools from server","duration":1.802599999999984,"failureMessages":[],"meta":{}},{"ancestorTitles":["McpToolBridge"],"fullName":"McpToolBridge refreshTools namespaces tool names as mcp__serverId__toolName","status":"passed","title":"refreshTools namespaces tool names as mcp__serverId__toolName","duration":0.503400000000056,"failureMessages":[],"meta":{}},{"ancestorTitles":["McpToolBridge"],"fullName":"McpToolBridge refreshTools replaces old registrations","status":"passed","title":"refreshTools replaces old registrations","duration":0.7119999999999891,"failureMessages":[],"meta":{}},{"ancestorTitles":["McpToolBridge"],"fullName":"McpToolBridge removeTools disposes registrations for server","status":"passed","title":"removeTools disposes registrations for server","duration":0.4680000000000746,"failureMessages":[],"meta":{}},{"ancestorTitles":["McpToolBridge"],"fullName":"McpToolBridge removeTools for unknown server is a no-op","status":"passed","title":"removeTools for unknown server is a no-op","duration":0.22339999999996962,"failureMessages":[],"meta":{}},{"ancestorTitles":["McpToolBridge"],"fullName":"McpToolBridge tool handler calls mcpClient.callTool with correct args","status":"passed","title":"tool handler calls mcpClient.callTool with correct args","duration":1.191500000000019,"failureMessages":[],"meta":{}},{"ancestorTitles":["McpToolBridge"],"fullName":"McpToolBridge tool handler formats text content by joining with newlines","status":"passed","title":"tool handler formats text content by joining with newlines","duration":0.44700000000000273,"failureMessages":[],"meta":{}},{"ancestorTitles":["McpToolBridge"],"fullName":"McpToolBridge tool handler returns \"(no output)\" for empty content","status":"passed","title":"tool handler returns \"(no output)\" for empty content","duration":0.2686999999999671,"failureMessages":[],"meta":{}},{"ancestorTitles":["McpToolBridge"],"fullName":"McpToolBridge tool handler propagates isError","status":"passed","title":"tool handler propagates isError","duration":0.5303000000000111,"failureMessages":[],"meta":{}},{"ancestorTitles":["McpToolBridge"],"fullName":"McpToolBridge registered tool has correct metadata","status":"passed","title":"registered tool has correct metadata","duration":0.42810000000008586,"failureMessages":[],"meta":{}},{"ancestorTitles":["McpToolBridge"],"fullName":"McpToolBridge registered tool defaults description to empty string","status":"passed","title":"registered tool defaults description to empty string","duration":0.2767999999999802,"failureMessages":[],"meta":{}},{"ancestorTitles":["McpToolBridge"],"fullName":"McpToolBridge dispose cleans up all server registrations","status":"passed","title":"dispose cleans up all server registrations","duration":0.30129999999996926,"failureMessages":[],"meta":{}},{"ancestorTitles":["McpToolBridge"],"fullName":"McpToolBridge auto-removes tools when server status changes to disconnected","status":"passed","title":"auto-removes tools when server status changes to disconnected","duration":0.4533999999999878,"failureMessages":[],"meta":{}},{"ancestorTitles":["McpToolBridge"],"fullName":"McpToolBridge does not remove tools for non-disconnect status changes","status":"passed","title":"does not remove tools for non-disconnect status changes","duration":0.30299999999999727,"failureMessages":[],"meta":{}},{"ancestorTitles":["McpToolBridge"],"fullName":"McpToolBridge refreshes tools when server sends notifications/tools/list_changed","status":"passed","title":"refreshes tools when server sends notifications/tools/list_changed","duration":1.3017999999999574,"failureMessages":[],"meta":{}},{"ancestorTitles":["McpToolBridge"],"fullName":"McpToolBridge ignores non-tool-change notifications","status":"passed","title":"ignores non-tool-change notifications","duration":0.3885999999999967,"failureMessages":[],"meta":{}}],"startTime":1775308478396,"endTime":1775308478406.3887,"status":"passed","message":"","name":"D:/AI/Parallx/tests/unit/mcp/mcpToolBridge.test.ts"},{"assertionResults":[{"ancestorTitles":["McpStdioTransport"],"fullName":"McpStdioTransport initial status is disconnected","status":"passed","title":"initial status is disconnected","duration":15.956000000000131,"failureMessages":[],"meta":{}},{"ancestorTitles":["McpStdioTransport"],"fullName":"McpStdioTransport connect without Electron API throws","status":"passed","title":"connect without Electron API throws","duration":4.000700000000506,"failureMessages":[],"meta":{}},{"ancestorTitles":["McpStdioTransport"],"fullName":"McpStdioTransport connect transitions to connected on success","status":"passed","title":"connect transitions to connected on success","duration":2.3278000000000247,"failureMessages":[],"meta":{}},{"ancestorTitles":["McpStdioTransport"],"fullName":"McpStdioTransport connect passes env to spawn","status":"passed","title":"connect passes env to spawn","duration":1.248700000000099,"failureMessages":[],"meta":{}},{"ancestorTitles":["McpStdioTransport"],"fullName":"McpStdioTransport connect transitions to error on spawn failure","status":"passed","title":"connect transitions to error on spawn failure","duration":0.9290000000000873,"failureMessages":[],"meta":{}},{"ancestorTitles":["McpStdioTransport"],"fullName":"McpStdioTransport send delegates to IPC bridge","status":"passed","title":"send delegates to IPC bridge","duration":0.7452000000002954,"failureMessages":[],"meta":{}},{"ancestorTitles":["McpStdioTransport"],"fullName":"McpStdioTransport send throws without Electron API","status":"passed","title":"send throws without Electron API","duration":1.0005999999993946,"failureMessages":[],"meta":{}},{"ancestorTitles":["McpStdioTransport"],"fullName":"McpStdioTransport onMessage fires for matching serverId","status":"passed","title":"onMessage fires for matching serverId","duration":0.9724000000005617,"failureMessages":[],"meta":{}},{"ancestorTitles":["McpStdioTransport"],"fullName":"McpStdioTransport onMessage does not fire for different serverId","status":"passed","title":"onMessage does not fire for different serverId","duration":0.741399999999885,"failureMessages":[],"meta":{}},{"ancestorTitles":["McpStdioTransport"],"fullName":"McpStdioTransport onClose fires when process exits","status":"passed","title":"onClose fires when process exits","duration":0.7173999999995431,"failureMessages":[],"meta":{}},{"ancestorTitles":["McpStdioTransport"],"fullName":"McpStdioTransport close transitions to disconnected and calls kill","status":"passed","title":"close transitions to disconnected and calls kill","duration":0.6793999999999869,"failureMessages":[],"meta":{}},{"ancestorTitles":["McpStdioTransport"],"fullName":"McpStdioTransport close calls unsub and kill","status":"passed","title":"close calls unsub and kill","duration":0.5822000000007392,"failureMessages":[],"meta":{}}],"startTime":1775308475712,"endTime":1775308475742.5823,"status":"passed","message":"","name":"D:/AI/Parallx/tests/unit/mcp/mcpTransport.test.ts"},{"assertionResults":[{"ancestorTitles":["mcpTypes ΓÇö type assignability"],"fullName":"mcpTypes ΓÇö type assignability IJsonRpcRequest accepts a valid request object","status":"passed","title":"IJsonRpcRequest accepts a valid request object","duration":0.7861000000000331,"failureMessages":[],"meta":{}},{"ancestorTitles":["mcpTypes ΓÇö type assignability"],"fullName":"mcpTypes ΓÇö type assignability IJsonRpcResponse with result","status":"passed","title":"IJsonRpcResponse with result","duration":0.17000000000007276,"failureMessages":[],"meta":{}},{"ancestorTitles":["mcpTypes ΓÇö type assignability"],"fullName":"mcpTypes ΓÇö type assignability IJsonRpcResponse with error","status":"passed","title":"IJsonRpcResponse with error","duration":0.08139999999991687,"failureMessages":[],"meta":{}},{"ancestorTitles":["mcpTypes ΓÇö type assignability"],"fullName":"mcpTypes ΓÇö type assignability IJsonRpcNotification has no id","status":"passed","title":"IJsonRpcNotification has no id","duration":0.148900000000026,"failureMessages":[],"meta":{}},{"ancestorTitles":["mcpTypes ΓÇö type assignability"],"fullName":"mcpTypes ΓÇö type assignability IMcpToolSchema accepts valid schema","status":"passed","title":"IMcpToolSchema accepts valid schema","duration":0.07639999999992142,"failureMessages":[],"meta":{}},{"ancestorTitles":["mcpTypes ΓÇö type assignability"],"fullName":"mcpTypes ΓÇö type assignability IMcpToolCallResult with text content","status":"passed","title":"IMcpToolCallResult with text content","duration":0.48270000000002256,"failureMessages":[],"meta":{}},{"ancestorTitles":["mcpTypes ΓÇö type assignability"],"fullName":"mcpTypes ΓÇö type assignability IMcpToolCallParams accepts valid params","status":"passed","title":"IMcpToolCallParams accepts valid params","duration":0.13900000000001,"failureMessages":[],"meta":{}},{"ancestorTitles":["mcpTypes ΓÇö type assignability"],"fullName":"mcpTypes ΓÇö type assignability IMcpInitializeParams accepts valid handshake","status":"passed","title":"IMcpInitializeParams accepts valid handshake","duration":0.06960000000003674,"failureMessages":[],"meta":{}},{"ancestorTitles":["mcpTypes ΓÇö type assignability"],"fullName":"mcpTypes ΓÇö type assignability IMcpServerConfig accepts stdio config","status":"passed","title":"IMcpServerConfig accepts stdio config","duration":0.16380000000003747,"failureMessages":[],"meta":{}},{"ancestorTitles":["mcpTypes ΓÇö type assignability"],"fullName":"mcpTypes ΓÇö type assignability IMcpServerConfig accepts sse config with url","status":"passed","title":"IMcpServerConfig accepts sse config with url","duration":0.09829999999999472,"failureMessages":[],"meta":{}},{"ancestorTitles":["mcpTypes ΓÇö type assignability"],"fullName":"mcpTypes ΓÇö type assignability McpConnectionState union covers all states","status":"passed","title":"McpConnectionState union covers all states","duration":0.08160000000009404,"failureMessages":[],"meta":{}},{"ancestorTitles":["mcpTypes ΓÇö type assignability"],"fullName":"mcpTypes ΓÇö type assignability McpTransportType union covers stdio and sse","status":"passed","title":"McpTransportType union covers stdio and sse","duration":0.09809999999993124,"failureMessages":[],"meta":{}}],"startTime":1775308480849,"endTime":1775308480852.0981,"status":"passed","message":"","name":"D:/AI/Parallx/tests/unit/mcp/mcpTypes.test.ts"}]}
